[main 9c89d66] Auto-commit: 2024-08-09 01:18:16
 1 file changed, 18 deletions(-)
[main 2b28788] Auto-commit: 2024-08-09 01:18:26
 1 file changed, 2 insertions(+)
[main c45d9ea] Auto-commit: 2024-08-09 01:19:07
 2 files changed, 3 insertions(+), 1 deletion(-)
[main 7b033f4] Auto-commit: 2024-08-09 01:19:16
 1 file changed, 2 insertions(+)
[main c6ae20b] Auto-commit: 2024-08-09 01:19:26
 1 file changed, 2 insertions(+)
[main 65cfa7e] Auto-commit: 2024-08-09 01:19:36
 1 file changed, 2 insertions(+)
[main eaa71d6] Auto-commit: 2024-08-09 01:19:46
 1 file changed, 2 insertions(+)
[main dda4c04] Auto-commit: 2024-08-09 01:20:19
 2 files changed, 4 insertions(+), 2 deletions(-)
[main 246aff6] Auto-commit: 2024-08-09 01:20:27
 1 file changed, 2 insertions(+)
[main 322746b] Auto-commit: 2024-08-09 01:20:38
 1 file changed, 2 insertions(+)
[main 6c630d3] Auto-commit: 2024-08-09 01:20:46
 1 file changed, 2 insertions(+)
[main 6472a19] Auto-commit: 2024-08-09 01:21:05
 1 file changed, 2 insertions(+)
[main dfadcbe] Auto-commit: 2024-08-09 01:21:17
 1 file changed, 2 insertions(+)
[main bfecdbd] Auto-commit: 2024-08-09 01:21:27
 1 file changed, 2 insertions(+)
[main a577a7c] Auto-commit: 2024-08-09 01:21:36
 1 file changed, 2 insertions(+)
[main 2099762] Auto-commit: 2024-08-09 01:21:46
 1 file changed, 2 insertions(+)
[main 402e7d2] Auto-commit: 2024-08-09 01:21:56
 1 file changed, 2 insertions(+)
[main f484a50] Auto-commit: 2024-08-09 01:22:06
 1 file changed, 2 insertions(+)
[main f47d6ab] Auto-commit: 2024-08-09 01:22:17
 1 file changed, 2 insertions(+)
[main 6abaf09] Auto-commit: 2024-08-09 01:22:27
 1 file changed, 2 insertions(+)
[main 16aecfe] Auto-commit: 2024-08-09 01:22:37
 1 file changed, 2 insertions(+)
[main bba2570] Auto-commit: 2024-08-09 01:22:47
 1 file changed, 2 insertions(+)
[main 9e9e236] Auto-commit: 2024-08-09 01:22:57
 1 file changed, 2 insertions(+)
[main 288b955] Auto-commit: 2024-08-09 01:23:07
 1 file changed, 2 insertions(+)
[main 7e4732c] Auto-commit: 2024-08-09 01:23:17
 1 file changed, 2 insertions(+)
[main 8c3dcec] Auto-commit: 2024-08-09 01:23:27
 1 file changed, 2 insertions(+)
[main 08a6ca6] Auto-commit: 2024-08-09 01:23:37
 1 file changed, 2 insertions(+)
[main 54c07db] Auto-commit: 2024-08-09 01:23:47
 1 file changed, 2 insertions(+)
[main 55d5d95] Auto-commit: 2024-08-09 01:23:57
 1 file changed, 2 insertions(+)
[main cccc6df] Auto-commit: 2024-08-09 01:24:07
 1 file changed, 2 insertions(+)
[main eaa3df6] Auto-commit: 2024-08-09 01:24:17
 1 file changed, 2 insertions(+)
